<?xml version="1.0" encoding="UTF-8"?>
<!-- Generated by org.testng.reporters.JUnitReportReporter -->
<testsuite hostname="Pandoras-Box" failures="0" tests="1" name="Scripts.scenario1" time="27.349" errors="0" timestamp="2025-04-13T12:44:52 IST" skipped="0">
  <testcase classname="Scripts.scenario1" name="validateTheProduct" time="27.349"/>
  <system-out/>
</testsuite> <!-- Scripts.scenario1 -->
